<?xml version="1.0" encoding="UTF-8"?>
<testng-results ignored="0" total="1" passed="1" failed="0" skipped="0">
  <reporter-output>
  </reporter-output>
  <suite started-at="2025-01-11T11:16:28Z" name="Surefire suite" finished-at="2025-01-11T11:17:14Z" duration-ms="45827">
    <groups>
      <group name="cucumber">
        <method signature="AbstractTestNGCucumberTests.runScenario(io.cucumber.testng.PickleWrapper, io.cucumber.testng.FeatureWrapper)[pri:0, instance:testrunners.ParallelRun@139982de]" name="runScenario" class="io.cucumber.testng.AbstractTestNGCucumberTests"/>
      </group> <!-- cucumber -->
    </groups>
    <test started-at="2025-01-11T11:16:28Z" name="Surefire test" finished-at="2025-01-11T11:17:14Z" duration-ms="45827">
      <class name="testrunners.ParallelRun">
        <test-method is-config="true" signature="setUpClass()[pri:0, instance:testrunners.ParallelRun@139982de]" started-at="2025-01-11T11:16:28Z" name="setUpClass" finished-at="2025-01-11T11:16:28Z" duration-ms="113" status="PASS">
          <reporter-output>
          </reporter-output>
        </test-method> <!-- setUpClass -->
        <test-method signature="runScenario(io.cucumber.testng.PickleWrapper, io.cucumber.testng.FeatureWrapper)[pri:0, instance:testrunners.ParallelRun@139982de]" started-at="2025-01-11T11:16:28Z" name="runScenario" description="Runs Cucumber Scenarios" data-provider="scenarios" finished-at="2025-01-11T11:17:14Z" duration-ms="45702" status="PASS">
          <params>
            <param index="0">
              <value>
                <![CDATA["Verify item can be added to Cart"]]>
              </value>
            </param>
            <param index="1">
              <value>
                <![CDATA["Optional[Verify item can be added to Cart]"]]>
              </value>
            </param>
          </params>
          <reporter-output>
          </reporter-output>
        </test-method> <!-- runScenario -->
        <test-method is-config="true" signature="tearDownClass()[pri:0, instance:testrunners.ParallelRun@139982de]" started-at="2025-01-11T11:17:14Z" name="tearDownClass" finished-at="2025-01-11T11:17:14Z" duration-ms="4" status="PASS">
          <reporter-output>
          </reporter-output>
        </test-method> <!-- tearDownClass -->
      </class> <!-- testrunners.ParallelRun -->
    </test> <!-- Surefire test -->
  </suite> <!-- Surefire suite -->
</testng-results>
